
SQL*Loader: Release 11.2.0.2.0 - Production on Mié Feb 23 16:19:35 2022

Copyright (c) 1982, 2009, Oracle and/or its affiliates.  All rights reserved.

Control File:   CTL_TMP_DEUDACLIENTE.CTL
Data File:      DATA_DEUDACLIENTE.txt
  Bad File:     DATA_DEUDACLIENTE.bad
  Discard File:  none specified
 
 (Allow all discards)

Number to load: ALL
Number to skip: 1
Errors allowed: 50
Bind array:     64 rows, maximum of 256000 bytes
Continuation:    none specified
Path used:      Conventional

Table TMP_DEUDACLIENTE, loaded from every logical record.
Insert option in effect for this table: TRUNCATE
TRAILING NULLCOLS option in effect

   Column Name                  Position   Len  Term Encl Datatype
------------------------------ ---------- ----- ---- ---- ---------------------
PERIODO                             FIRST     *  WHT O(") CHARACTER            
TIP_REG                              NEXT     *  WHT O(") CHARACTER            
COD_SBS_CLI                          NEXT     *  WHT O(") CHARACTER            
COD_EMPRESA                          NEXT     *  WHT O(") CHARACTER            
TIP_CREDITO                          NEXT     *  WHT O(") CHARACTER            
COD_CUENTA                           NEXT     *  WHT O(") CHARACTER            
CONDICION                            NEXT     *  WHT O(") CHARACTER            
SALDO                                NEXT     *  WHT O(") CHARACTER            
CLASIFICACION                        NEXT     *  WHT O(") CHARACTER            
SITCRE                               NEXT     *  WHT O(") CHARACTER            
TARJ                                 NEXT     *  WHT O(") CHARACTER            
SLDVIG                               NEXT     *  WHT O(") CHARACTER            


Table TMP_DEUDACLIENTE:
  2099544 Rows successfully loaded.
  0 Rows not loaded due to data errors.
  0 Rows not loaded because all WHEN clauses were failed.
  0 Rows not loaded because all fields were null.


Space allocated for bind array:                 198144 bytes(64 rows)
Read   buffer bytes: 1048576

Total logical records skipped:          1
Total logical records read:       2099544
Total logical records rejected:         0
Total logical records discarded:        0

Run began on Mié Feb 23 16:19:35 2022
Run ended on Mié Feb 23 16:22:31 2022

Elapsed time was:     00:02:56.12
CPU time was:         00:00:25.36
