
SQL*Loader: Release 11.2.0.2.0 - Production on Dom Feb 20 18:03:07 2022

Copyright (c) 1982, 2009, Oracle and/or its affiliates.  All rights reserved.

Control File:   CTL_TMP_UBIGEO.CTL
Data File:      DATA_UBIGEO.txt
  Bad File:     DATA_UBIGEO.bad
  Discard File:  none specified
 
 (Allow all discards)

Number to load: ALL
Number to skip: 1
Errors allowed: 50
Bind array:     64 rows, maximum of 256000 bytes
Continuation:    none specified
Path used:      Conventional

Table TMP_UBIGEO, loaded from every logical record.
Insert option in effect for this table: TRUNCATE
TRAILING NULLCOLS option in effect

   Column Name                  Position   Len  Term Encl Datatype
------------------------------ ---------- ----- ---- ---- ---------------------
UBIGEO                              FIRST     *  WHT      CHARACTER            
DEPARTAMENTO                         NEXT     *  WHT      CHARACTER            
PROVINCIA                            NEXT     *  WHT      CHARACTER            
DISTRITO                             NEXT     *  WHT      CHARACTER            
CODIGO                               NEXT     *  WHT      CHARACTER            
DISTRITO_DET                         NEXT     *  WHT      CHARACTER            
FLGZONA                              NEXT     *  WHT      CHARACTER            
CENTROSNEGOCIO                       NEXT     *  WHT      CHARACTER            
FLGPROVCENTROSNEGOCIO                NEXT     *  WHT      CHARACTER            
DISTRITO_AGG                         NEXT     *  WHT      CHARACTER            
FLGCIUDAD                            NEXT     *  WHT      CHARACTER            


Table TMP_UBIGEO:
  1834 Rows successfully loaded.
  0 Rows not loaded due to data errors.
  0 Rows not loaded because all WHEN clauses were failed.
  0 Rows not loaded because all fields were null.


Space allocated for bind array:                 181632 bytes(64 rows)
Read   buffer bytes: 1048576

Total logical records skipped:          1
Total logical records read:          1834
Total logical records rejected:         0
Total logical records discarded:        0

Run began on Dom Feb 20 18:03:07 2022
Run ended on Dom Feb 20 18:03:08 2022

Elapsed time was:     00:00:00.29
CPU time was:         00:00:00.09
